c:\development\vs cprog f\föreläsningar cprog\föreläsningar cprog\f11-12\f11-12\x64\debug\vc142.pdb
c:\development\vs cprog f\föreläsningar cprog\föreläsningar cprog\f11-12\f11-12\x64\debug\vc142.idb
c:\development\vs cprog f\föreläsningar cprog\föreläsningar cprog\f11-12\f11-12\x64\debug\system.obj
c:\development\vs cprog f\föreläsningar cprog\föreläsningar cprog\f11-12\f11-12\x64\debug\session.obj
c:\development\vs cprog f\föreläsningar cprog\föreläsningar cprog\f11-12\f11-12\x64\debug\paddle.obj
c:\development\vs cprog f\föreläsningar cprog\föreläsningar cprog\f11-12\f11-12\x64\debug\main.obj
c:\development\vs cprog f\föreläsningar cprog\föreläsningar cprog\f11-12\f11-12\x64\debug\component.obj
c:\development\vs cprog f\föreläsningar cprog\föreläsningar cprog\f11-12\f11-12\x64\debug\ball.obj
c:\development\vs cprog f\föreläsningar cprog\föreläsningar cprog\f11-12\f11-12\x64\debug\engine.obj
c:\development\vs cprog f\föreläsningar cprog\föreläsningar cprog\f11-12\f11-12\x64\debug\sprite.obj
c:\development\vs cprog f\föreläsningar cprog\föreläsningar cprog\f11-12\x64\debug\pong.exe
c:\development\vs cprog f\föreläsningar cprog\föreläsningar cprog\f11-12\f11-12\x64\debug\pong.ilk
c:\development\vs cprog f\föreläsningar cprog\föreläsningar cprog\f11-12\x64\debug\pong.pdb
c:\development\vs cprog f\föreläsningar cprog\föreläsningar cprog\f11-12\f11-12\x64\debug\button.obj
c:\development\vs cprog f\föreläsningar cprog\föreläsningar cprog\f11-12\f11-12\x64\debug\label.obj
c:\development\vs cprog f\föreläsningar cprog\föreläsningar cprog\f11-12\f11-12\x64\debug\f11-12.ilk
c:\development\vs cprog f\föreläsningar cprog\föreläsningar cprog\f11-12\f11-12\x64\debug\pong.tlog\cl.command.1.tlog
c:\development\vs cprog f\föreläsningar cprog\föreläsningar cprog\f11-12\f11-12\x64\debug\pong.tlog\cl.read.1.tlog
c:\development\vs cprog f\föreläsningar cprog\föreläsningar cprog\f11-12\f11-12\x64\debug\pong.tlog\cl.write.1.tlog
c:\development\vs cprog f\föreläsningar cprog\föreläsningar cprog\f11-12\f11-12\x64\debug\pong.tlog\link.command.1.tlog
c:\development\vs cprog f\föreläsningar cprog\föreläsningar cprog\f11-12\f11-12\x64\debug\pong.tlog\link.read.1.tlog
c:\development\vs cprog f\föreläsningar cprog\föreläsningar cprog\f11-12\f11-12\x64\debug\pong.tlog\link.write.1.tlog
